TODO
---
- want: setting files for customize behavior.
- want: rename block-tag to member? it similar to msbuild output.
- want: invoke pandoc with recommend options. (did not use Makefile for newbie)
- want: indicates the block for class or method
- want: improve format_file_name function to see option.
- want: improve filter_file_name function to see optinos.


Change-Log
---

### 1.4.1
- fix error with block_name contains '{' (String.Format expression)
- fix: parse indent of `<remarks> <!-- some --> start` to ` start`
- fix: remove double \n\n in attribute tag.
- fix: can't parse header markdown which contain bad XML format (<, & or etc).
- update XML document comment on command line options.

### 1.4.0
- versioning into message
- update reference documents by doxygen output.
- fix: output <all> tag if source.md is missing.

### 1.3.0
- new packaging.
- split CHANGE.log from README.md
- append footer markdown (by pandoc).
- use command line library.

### 1.2.0
- filter output of blocks by user specified tag or attribute.
- insert the block name by block conditions.
- update XML document comment and confirm doxygen output.

### 1.1.0
- make XML document comment in this project to sample-this-proj.md.
- command line explanation.
- move filtering '.cs' in filter_file_name function.
- implement test environment.
- specify toc title in pandoc framework.

### 1.0.0
- C# version
- change the output order of source files.

### 0.1.0
- python version
- extract /// comments from C# source.
- parse XML for pandoc-Markdown
- output relative file name in XML.


